The master node of this job is gpu-202-2
This job runs on the following nodes:
gpu-202-2
Starting at Sun Jun 10 20:16:03 PDT 2018
Running on hosts: gpu-202-2
Running on 1 nodes.
Running on 24 processors.
Current working directory is ./

Output from code
----------------
Number of MPI processes = 4
Number of CUDA devices = 4
num_neuron=1000, reg=0.0001, learning_rate=1e-05, num_epochs=20, batch_size=800
Loading training data...
Training data stats...
Size of x_train, N =  60000
Size of label_train = 60000

Start Parallel Training
Time for Parallel Training: 47.4753 seconds
Precision on validation set for parallel training = 0.190667
