The master node of this job is gpu-200-2.stanford.edu
This job runs on the following nodes:
gpu-200-2
Starting at Sun Jun 10 20:13:58 PDT 2018
Running on hosts: gpu-200-2
Running on 1 nodes.
Running on 24 processors.
Current working directory is ./

Output from code
----------------
Number of MPI processes = 4
Number of CUDA devices = 4
num_neuron=500, reg=0.0001, learning_rate=0.001, num_epochs=20, batch_size=800
Loading training data...
Training data stats...
Size of x_train, N =  60000
Size of label_train = 60000

Start Parallel Training
Time for Parallel Training: 25.5524 seconds
Precision on validation set for parallel training = 0.899
