The master node of this job is gpu-200-2.stanford.edu
This job runs on the following nodes:
gpu-200-2
Starting at Tue May 22 12:34:00 PDT 2018
Running on hosts: gpu-200-2
Running on 1 nodes.
Running on 24 processors.
Current working directory is ~/CME213/hw4/starter-code

Output from code
----------------

Before ciphering!

e: 0.12294
t: 0.0925416
a: 0.0815906
o: 0.0730598
n: 0.0688952
create_cipher.cu:220:[34mmain[32m	TEST PASSED.[0m

Encryption key: bmzrcjjyjmb
After ciphering!

r: 0.0623206
j: 0.0621274
x: 0.0610857
z: 0.049277
†: 0.0404279
