The master node of this job is gpu-200-4.stanford.edu
This job runs on the following nodes:
gpu-200-4
Starting at Wed May  9 18:17:03 PDT 2018
Running on hosts: gpu-200-4
Running on 1 nodes.
Running on 24 processors.
Current working directory is ~/CME213/hw3/

Output from code
----------------
Order: 8
                     time (ms)     GBytes/sec
            CPU        28108.1        17.1902
128
         Global         1750.9        275.964
          Block        1645.23        293.688
         Shared        534.947        903.237

                         L2Ref           LInf          L2Err
         Global    1.25248e+06    1.28885e-06    5.47549e-08
          Block    1.25248e+06    1.28885e-06    5.47549e-08
         Shared    1.25248e+06    1.28885e-06    5.44407e-08

