The master node of this job is gpu-200-2.stanford.edu
This job runs on the following nodes:
gpu-200-2
Starting at Wed May  9 18:16:42 PDT 2018
Running on hosts: gpu-200-2
Running on 1 nodes.
Running on 24 processors.
Current working directory is ~/CME213/hw3/

Output from code
----------------
Order: 2
                     time (ms)     GBytes/sec
            CPU        19729.5        8.16347
128
         Global        1088.59        147.954
          Block        936.583        171.967
         Shared        812.512        198.226

                         L2Ref           LInf          L2Err
         Global    1.24882e+06              0              0
          Block    1.24882e+06              0              0
         Shared    1.24882e+06    1.19256e-07    1.30695e-10

