The master node of this job is gpu-200-2.stanford.edu
This job runs on the following nodes:
gpu-200-2
Starting at Wed May  9 18:13:34 PDT 2018
Running on hosts: gpu-200-2
Running on 1 nodes.
Running on 24 processors.
Current working directory is ~/CME213/hw3/

Output from code
----------------
Order: 4
                     time (ms)     GBytes/sec
            CPU        894.747        18.7508
32
         Global         102.43        163.791
          Block        90.1116        186.183
         Shared        60.5109        277.259

                         L2Ref           LInf          L2Err
         Global        78597.7    6.67736e-06    2.54755e-06
          Block        78597.7    6.67736e-06    2.54755e-06
         Shared        78597.7    0.000159712    0.000135766

