The master node of this job is gpu-200-2.stanford.edu
This job runs on the following nodes:
gpu-200-2
Starting at Wed May  9 18:10:51 PDT 2018
Running on hosts: gpu-200-2
Running on 1 nodes.
Running on 24 processors.
Current working directory is ~/CME213/hw3/

Output from code
----------------
Order: 2
                     time (ms)     GBytes/sec
            CPU        28.8753        21.7883
8
         Global        12.6189        49.8575
          Block        12.1776        51.6642
         Shared        13.5017        46.5974

                         L2Ref           LInf          L2Err
         Global        4931.32    7.44751e-06    2.76478e-06
          Block        4931.32    7.44751e-06    2.76478e-06
         Shared        4931.32     0.00297979     0.00273157

