The master node of this job is gpu-200-2.stanford.edu
This job runs on the following nodes:
gpu-200-2
Starting at Wed May  9 18:12:50 PDT 2018
Running on hosts: gpu-200-2
Running on 1 nodes.
Running on 24 processors.
Current working directory is ~/CME213/hw3/

Output from code
----------------
Order: 4
                     time (ms)     GBytes/sec
            CPU        212.657        19.7233
16
         Global        31.2728         134.12
          Block        28.2399        148.524
         Shared        22.9029        183.134

                         L2Ref           LInf          L2Err
         Global        19797.7    2.70376e-06    6.76743e-07
          Block        19797.7    2.70376e-06    6.76743e-07
         Shared        19797.7    0.000566637    0.000534032

