The master node of this job is gpu-200-2.stanford.edu
This job runs on the following nodes:
gpu-200-2
Starting at Wed May  9 18:13:45 PDT 2018
Running on hosts: gpu-200-2
Running on 1 nodes.
Running on 24 processors.
Current working directory is ~/CME213/hw3/

Output from code
----------------
Order: 8
                     time (ms)     GBytes/sec
            CPU        1985.39        15.2106
32
         Global        151.182        199.752
          Block        146.426        206.241
         Shared        47.3834        637.333

                         L2Ref           LInf          L2Err
         Global        79214.2    1.13029e-05    4.15537e-06
          Block        79214.2    1.13029e-05    4.15537e-06
         Shared        79214.2    0.000138989    0.000114122

