The master node of this job is gpu-200-2.stanford.edu
This job runs on the following nodes:
gpu-200-2
Starting at Wed May  9 18:12:33 PDT 2018
Running on hosts: gpu-200-2
Running on 1 nodes.
Running on 24 processors.
Current working directory is ~/CME213/hw3/

Output from code
----------------
Order: 2
                     time (ms)     GBytes/sec
            CPU        113.827        22.1089
16
         Global        26.6454         94.447
          Block        25.2863        99.5237
         Shared        23.8963        105.313

                         L2Ref           LInf          L2Err
         Global        19637.2     2.2325e-06    5.93987e-07
          Block        19637.2     2.2325e-06    5.93987e-07
         Shared        19637.2    0.000756993    0.000693275

