The master node of this job is gpu-200-1.stanford.edu
This job runs on the following nodes:
gpu-200-1
Starting at Wed May  9 15:05:45 PDT 2018
Running on hosts: gpu-200-1
Running on 1 nodes.
Running on 24 processors.
Current working directory is ~/CME213/hw3/

Output from code
----------------
Order: 2
                     time (ms)     GBytes/sec
            CPU        113.575        22.1578
16
         Global        26.7463         94.091
          Block        25.2738        99.5728
         Shared        36.1224        69.6681

                         L2Ref           LInf          L2Err
         Global        19637.2     2.2325e-06    5.93987e-07
          Block        19637.2     2.2325e-06    5.93987e-07
         Shared        19637.2    0.000756993    0.000157891

