The master node of this job is gpu-200-1.stanford.edu
This job runs on the following nodes:
gpu-200-1
Starting at Wed May  9 15:08:53 PDT 2018
Running on hosts: gpu-200-1
Running on 1 nodes.
Running on 24 processors.
Current working directory is ~/CME213/hw3/

Output from code
----------------
Order: 2
                     time (ms)     GBytes/sec
            CPU        7777.09        20.7097
128
         Global         1084.1        148.566
          Block        933.177        172.595
         Shared        1500.59        107.332

                         L2Ref           LInf          L2Err
         Global    1.24882e+06              0              0
          Block    1.24882e+06              0              0
         Shared    1.24882e+06              0              0

