The master node of this job is gpu-200-1.stanford.edu
This job runs on the following nodes:
gpu-200-1
Starting at Wed May  9 15:06:01 PDT 2018
Running on hosts: gpu-200-1
Running on 1 nodes.
Running on 24 processors.
Current working directory is ~/CME213/hw3/

Output from code
----------------
Order: 4
                     time (ms)     GBytes/sec
            CPU        211.181        19.8611
16
         Global        31.1764        134.535
          Block        28.0898        149.318
         Shared        41.1126         102.02

                         L2Ref           LInf          L2Err
         Global        19797.7    2.70376e-06    6.76743e-07
          Block        19797.7    2.70376e-06    6.76743e-07
         Shared        19797.7    0.000566637    0.000122955

