The master node of this job is gpu-200-1.stanford.edu
This job runs on the following nodes:
gpu-200-1
Starting at Wed May  9 15:07:59 PDT 2018
Running on hosts: gpu-200-1
Running on 1 nodes.
Running on 24 processors.
Current working directory is ~/CME213/hw3/

Output from code
----------------
Order: 2
                     time (ms)     GBytes/sec
            CPU        2068.31        19.4677
64
         Global        281.758        142.907
          Block        243.925        165.072
         Shared        387.293        103.966

                         L2Ref           LInf          L2Err
         Global         312536    2.13954e-06    1.60675e-07
          Block         312536    2.13954e-06    1.60675e-07
         Shared         312536    5.97613e-05    5.37199e-06

