The master node of this job is gpu-200-1.stanford.edu
This job runs on the following nodes:
gpu-200-1
Starting at Wed May  9 15:04:58 PDT 2018
Running on hosts: gpu-200-1
Running on 1 nodes.
Running on 24 processors.
Current working directory is ~/CME213/hw3/

Output from code
----------------
Order: 4
                     time (ms)     GBytes/sec
            CPU        50.3223        20.8372
8
         Global        13.4391        78.0242
          Block        12.7742        82.0856
         Shared         16.935        61.9178

                         L2Ref           LInf          L2Err
         Global        5015.74    5.54052e-06    2.04531e-06
          Block        5015.74    5.54052e-06    2.04531e-06
         Shared        5015.74     0.00220681    0.000682103

