The master node of this job is gpu-200-1.stanford.edu
This job runs on the following nodes:
gpu-200-1
Starting at Wed May  9 15:07:26 PDT 2018
Running on hosts: gpu-200-1
Running on 1 nodes.
Running on 24 processors.
Current working directory is ~/CME213/hw3/

Output from code
----------------
Order: 8
                     time (ms)     GBytes/sec
            CPU        1986.01        15.2058
32
         Global        150.812        200.243
          Block        147.426        204.842
         Shared        199.571        151.319

                         L2Ref           LInf          L2Err
         Global        79214.2    1.13029e-05    4.15537e-06
          Block        79214.2    1.13029e-05    4.15537e-06
         Shared        79214.2    0.000138989    2.19503e-05

